{"ts":1689671042646,"action":"IDE_DEACTIVATED"}
{"ts":1689671042682,"action":"IDE_ACTIVATED"}
{"ts":1689671042968,"action":"PROJECT_OPENED","tags":{"PROJECT_NAME":"TeamTwo"}}
{"ts":1689671045006,"action":"FILE_OPENED","file":"/pom.xml","tags":{"FILE_LINE_OF_CODE":"17"}}
{"ts":1689671066506,"action":"FILE_CLOSED","file":"/pom.xml","tags":{"FILE_LINE_OF_CODE":"171"}}
{"ts":1689671073786,"action":"IDE_DEACTIVATED"}
{"ts":1689671080910,"action":"IDE_ACTIVATED"}
{"ts":1689671104317,"action":"FILE_OPENED","file":"/src/main/java/org/kainos/ea/DropwizardWebServiceApplication.java","tags":{"FILE_LINE_OF_CODE":"30"}}
{"ts":1689671165097,"action":"FILE_CLOSED","file":"/src/main/java/org/kainos/ea/DropwizardWebServiceApplication.java","tags":{"FILE_LINE_OF_CODE":"30"}}
{"ts":1689671165097,"action":"FILE_OPENED","file":"/pom.xml","tags":{"FILE_LINE_OF_CODE":"171"}}
{"ts":1689671193067,"action":"IDE_DEACTIVATED"}
{"ts":1689671193279,"action":"IDE_ACTIVATED"}
{"ts":1689671218239,"action":"FILE_CLOSED","file":"/pom.xml","tags":{"FILE_LINE_OF_CODE":"231"}}
{"ts":1689671218239,"action":"FILE_OPENED","file":"/src/main/java/org/kainos/ea/DropwizardWebServiceApplication.java","tags":{"FILE_LINE_OF_CODE":"30"}}
{"ts":1689671268434,"action":"IDE_DEACTIVATED"}
{"ts":1689671270111,"action":"IDE_ACTIVATED"}
{"ts":1689671272265,"action":"IDE_DEACTIVATED"}
{"ts":1689671272421,"action":"IDE_ACTIVATED"}
{"ts":1689671274975,"action":"FILE_CLOSED","file":"/src/main/java/org/kainos/ea/DropwizardWebServiceApplication.java","tags":{"FILE_LINE_OF_CODE":"30"}}
{"ts":1689671274975,"action":"FILE_OPENED","file":"/db.properties","tags":{"FILE_LINE_OF_CODE":"0"}}
{"ts":1689671279738,"action":"IDE_DEACTIVATED"}
{"ts":1689671286778,"action":"IDE_ACTIVATED"}
{"ts":1689671291259,"action":"IDE_DEACTIVATED"}
{"ts":1689671294117,"action":"IDE_ACTIVATED"}
{"ts":1689671308674,"action":"FILE_CLOSED","file":"/db.properties","tags":{"FILE_LINE_OF_CODE":"0"}}
{"ts":1689671308674,"action":"FILE_OPENED","file":"/.gitignore","tags":{"FILE_LINE_OF_CODE":"38"}}
{"ts":1689671334615,"action":"FILE_CLOSED","file":"/.gitignore","tags":{"FILE_LINE_OF_CODE":"41"}}
{"ts":1689671334623,"action":"FILE_OPENED","file":"/db.properties","tags":{"FILE_LINE_OF_CODE":"0"}}
{"ts":1689671336600,"action":"FILE_CLOSED","file":"/db.properties","tags":{"FILE_LINE_OF_CODE":"0"}}
{"ts":1689671336608,"action":"FILE_OPENED","file":"/src/main/java/org/kainos/ea/DropwizardWebServiceApplication.java","tags":{"FILE_LINE_OF_CODE":"30"}}
{"ts":1689671358303,"action":"FILE_CLOSED","file":"/src/main/java/org/kainos/ea/DropwizardWebServiceApplication.java","tags":{"FILE_LINE_OF_CODE":"30"}}
{"ts":1689671358303,"action":"FILE_OPENED","file":"/pom.xml","tags":{"FILE_LINE_OF_CODE":"231"}}
{"ts":1689671386631,"action":"FILE_CLOSED","file":"/pom.xml","tags":{"FILE_LINE_OF_CODE":"231"}}
{"ts":1689671386638,"action":"FILE_OPENED","file":"/src/main/java/org/kainos/ea/DropwizardWebServiceApplication.java","tags":{"FILE_LINE_OF_CODE":"30"}}
{"ts":1689671388398,"action":"IDE_DEACTIVATED"}
{"ts":1689671394296,"action":"IDE_ACTIVATED"}
{"ts":1689671403034,"action":"IDE_DEACTIVATED"}
{"ts":1689671405489,"action":"IDE_ACTIVATED"}
{"ts":1689671420980,"action":"IDE_DEACTIVATED"}
{"ts":1689671426611,"action":"IDE_ACTIVATED"}
{"ts":1689671447184,"action":"FILE_CLOSED","file":"/src/main/java/org/kainos/ea/DropwizardWebServiceApplication.java","tags":{"FILE_LINE_OF_CODE":"30"}}
{"ts":1689671449646,"action":"FILE_OPENED","file":"/db.properties","tags":{"FILE_LINE_OF_CODE":"0"}}
{"ts":1689671463293,"action":"FILE_CLOSED","file":"/db.properties","tags":{"FILE_LINE_OF_CODE":"0"}}
{"ts":1689671469309,"action":"IDE_DEACTIVATED"}
{"ts":1689671471636,"action":"IDE_ACTIVATED"}
{"ts":1689671475139,"action":"IDE_DEACTIVATED"}
{"ts":1689671477679,"action":"IDE_ACTIVATED"}
{"ts":1689671506570,"action":"IDE_DEACTIVATED"}
{"ts":1689671507897,"action":"IDE_ACTIVATED"}
{"ts":1689671523145,"action":"IDE_DEACTIVATED"}
{"ts":1689671523289,"action":"IDE_ACTIVATED"}
{"ts":1689671523687,"action":"IDE_DEACTIVATED"}
{"ts":1689671523853,"action":"IDE_ACTIVATED"}
{"ts":1689671524672,"action":"IDE_DEACTIVATED"}
{"ts":1689671525838,"action":"IDE_ACTIVATED"}
{"ts":1689671533898,"action":"FILE_OPENED","file":"/src/main/java/org/kainos/ea/db/DatabaseConnector.java","tags":{"FILE_LINE_OF_CODE":"3"}}
{"ts":1689671545284,"action":"IDE_DEACTIVATED"}
{"ts":1689671547026,"action":"IDE_ACTIVATED"}
{"ts":1689671552663,"action":"IDE_DEACTIVATED"}
{"ts":1689671553853,"action":"IDE_ACTIVATED"}
{"ts":1689671555560,"action":"FILE_CLOSED","file":"/src/main/java/org/kainos/ea/db/DatabaseConnector.java","tags":{"FILE_LINE_OF_CODE":"42"}}
{"ts":1689671555560,"action":"FILE_OPENED","file":"/src/main/java/org/kainos/ea/DropwizardWebServiceConfiguration.java","tags":{"FILE_LINE_OF_CODE":"11"}}
{"ts":1689671556304,"action":"IDE_DEACTIVATED"}
{"ts":1689671556511,"action":"IDE_ACTIVATED"}
{"ts":1689671559669,"action":"IDE_DEACTIVATED"}
{"ts":1689671559812,"action":"IDE_ACTIVATED"}
{"ts":1689671594845,"action":"IDE_DEACTIVATED"}
{"ts":1689671604191,"action":"IDE_ACTIVATED"}
{"ts":1689671607394,"action":"FILE_CLOSED","file":"/src/main/java/org/kainos/ea/DropwizardWebServiceConfiguration.java","tags":{"FILE_LINE_OF_CODE":"23"}}
{"ts":1689671607394,"action":"FILE_OPENED","file":"/src/main/java/org/kainos/ea/db/DatabaseConnector.java","tags":{"FILE_LINE_OF_CODE":"42"}}
{"ts":1689671608093,"action":"IDE_DEACTIVATED"}
{"ts":1689671608245,"action":"IDE_ACTIVATED"}
{"ts":1689671608705,"action":"IDE_DEACTIVATED"}
{"ts":1689671613818,"action":"IDE_ACTIVATED"}
{"ts":1689671651468,"action":"IDE_DEACTIVATED"}
{"ts":1689671719147,"action":"IDE_ACTIVATED"}
{"ts":1689671745921,"action":"IDE_DEACTIVATED"}
{"ts":1689671810315,"action":"IDE_ACTIVATED"}
{"ts":1689671824528,"action":"IDE_DEACTIVATED"}
{"ts":1689671827627,"action":"IDE_ACTIVATED"}
{"ts":1689671835972,"action":"IDE_DEACTIVATED"}
{"ts":1689671838250,"action":"IDE_ACTIVATED"}
{"ts":1689671839394,"action":"IDE_DEACTIVATED"}
{"ts":1689671843179,"action":"IDE_ACTIVATED"}
{"ts":1689671852487,"action":"IDE_DEACTIVATED"}
{"ts":1689671855693,"action":"IDE_ACTIVATED"}
{"ts":1689671871923,"action":"FILE_CLOSED","file":"/src/main/java/org/kainos/ea/db/DatabaseConnector.java","tags":{"FILE_LINE_OF_CODE":"42"}}
{"ts":1689671871940,"action":"FILE_OPENED","file":"/src/main/java/org/kainos/ea/DropwizardWebServiceConfiguration.java","tags":{"FILE_LINE_OF_CODE":"23"}}
{"ts":1689671873026,"action":"FILE_CLOSED","file":"/src/main/java/org/kainos/ea/DropwizardWebServiceConfiguration.java","tags":{"FILE_LINE_OF_CODE":"23"}}
